Removed Pin From Net: NetName=GND Pin=U3-1
Removed Pin From Net: NetName=But4_ Pin=U3-2
Removed Pin From Net: NetName=But1/Gerkon_ Pin=U3-3
Removed Pin From Net: NetName=But2_ Pin=U3-4
Removed Pin From Net: NetName=But3_ Pin=U3-5
Removed Pin From Net: NetName=Led1 Pin=U3-6
Removed Pin From Net: NetName=Led2 Pin=U3-7
Removed Pin From Net: NetName=Led4 Pin=U3-8
Removed Pin From Net: NetName=Led3 Pin=U3-9
Removed Pin From Net: NetName=GND Pin=U3-10
Removed Pin From Net: NetName=led3_ Pin=U3-11
Removed Pin From Net: NetName=Led4_ Pin=U3-12
Removed Pin From Net: NetName=Led2_ Pin=U3-13
Removed Pin From Net: NetName=Led1_ Pin=U3-14
Removed Pin From Net: NetName=But3 Pin=U3-15
Removed Pin From Net: NetName=But2 Pin=U3-16
Removed Pin From Net: NetName=But1/Gerkon Pin=U3-17
Removed Pin From Net: NetName=But4 Pin=U3-18
Removed Pin From Net: NetName=GND Pin=U3-19
Removed Pin From Net: NetName=+5 Pin=U3-20
Removed Member From Class: ClassName=Sheet2 Member=U?
Change Component Comment : Designator=U? Old Comment=MC74HCT245ADTR2 New Comment=MC74AC245
Change Component Designator: OldDesignator=U? NewDesignator=U3
Added Pin To Net: NetName=GND Pin=U3-1
Added Pin To Net: NetName=But4_ Pin=U3-2
Added Pin To Net: NetName=But1/Gerkon_ Pin=U3-3
Added Pin To Net: NetName=But2_ Pin=U3-4
Added Pin To Net: NetName=But3_ Pin=U3-5
Added Pin To Net: NetName=Led1 Pin=U3-6
Added Pin To Net: NetName=Led2 Pin=U3-7
Added Pin To Net: NetName=Led4 Pin=U3-8
Added Pin To Net: NetName=Led3 Pin=U3-9
Added Pin To Net: NetName=GND Pin=U3-10
Added Pin To Net: NetName=led3_ Pin=U3-11
Added Pin To Net: NetName=Led4_ Pin=U3-12
Added Pin To Net: NetName=Led2_ Pin=U3-13
Added Pin To Net: NetName=Led1_ Pin=U3-14
Added Pin To Net: NetName=But3 Pin=U3-15
Added Pin To Net: NetName=But2 Pin=U3-16
Added Pin To Net: NetName=But1/Gerkon Pin=U3-17
Added Pin To Net: NetName=But4 Pin=U3-18
Added Pin To Net: NetName=GND Pin=U3-19
Added Pin To Net: NetName=+5 Pin=U3-20
