Removed Pin From Net: NetName=not_use_ Pin=R17-1
Removed Pin From Net: NetName=+12 Pin=R18-2
Removed Pin From Net: NetName=+5 Pin=R19-2
Removed Pin From Net: NetName=GND Pin=R20-1
Removed Pin From Net: NetName=GND Pin=R21-2
Removed Member From Class: ClassName=Sheet2 Member=R17
Removed Member From Class: ClassName=Sheet2 Member=R18
Removed Member From Class: ClassName=Sheet2 Member=R19
Removed Member From Class: ClassName=Sheet2 Member=R20
Removed Member From Class: ClassName=Sheet2 Member=R21
Change Component Designator: OldDesignator=OC5 NewDesignator=OC5in
Added Component: Designator=OC5(LITEON LTV-357T)
Added Pin To Net: NetName=GND Pin=OC5-2
Added Pin To Net: NetName=OC4 Pin=OC5-3
Added Pin To Net: NetName=+12 Pin=OC5-4
Added Pin To Net: NetName=GND Pin=OC5in-2
Added Pin To Net: NetName=GND Pin=OC5in-3
Added Pin To Net: NetName=not_use_ Pin=U2-6
Added Pin To Net: NetName=NetOC5_1 Pin=OC5-1
Added Pin To Net: NetName=NetOC5_1 Pin=R12-1
Added Net: Name=NetOC5_1
Added Pin To Net: NetName=Pult_on Pin=OC5in-4
Added Pin To Net: NetName=Pult_on Pin=U2-5
Added Net: Name=Pult_on
Added Member To Class: ClassName=Sheet2 Member=Component OC5in LTV-357T-C
