Removed Pin From Net: NetName=Minus_ Pin=U1-29
Removed Pin From Net: NetName=PD7 Pin=U1-32
Removed Pin From Net: NetName=Not_use_ Pin=U2-1
Removed Pin From Net: NetName=Not_use Pin=U2-2
Removed Pin From Net: NetName=Enter_ Pin=U2-3
Removed Pin From Net: NetName=Enter Pin=U2-4
Removed Pin From Net: NetName=Minus_ Pin=U2-5
Removed Pin From Net: NetName=Minus Pin=U2-6
Removed Pin From Net: NetName=Connect Pin=U2-8
Removed Pin From Net: NetName=Connect_ Pin=U2-9
Removed Pin From Net: NetName=Plus Pin=U2-10
Removed Pin From Net: NetName=Plus_ Pin=U2-11
Added Pin To Net: NetName=PD7 Pin=U1-29
Added Pin To Net: NetName=Minus_ Pin=U1-32
Added Pin To Net: NetName=Plus_ Pin=U2-1
Added Pin To Net: NetName=Plus Pin=U2-2
Added Pin To Net: NetName=Connect_ Pin=U2-3
Added Pin To Net: NetName=Connect Pin=U2-4
Added Pin To Net: NetName=Not_use_ Pin=U2-5
Added Pin To Net: NetName=Not_use Pin=U2-6
Added Pin To Net: NetName=Minus Pin=U2-8
Added Pin To Net: NetName=Minus_ Pin=U2-9
Added Pin To Net: NetName=Enter Pin=U2-10
Added Pin To Net: NetName=Enter_ Pin=U2-11
