Removed Pin From Net: NetName=GND Pin=J3-1
Removed Pin From Net: NetName=But4 Pin=J3-2
Removed Pin From Net: NetName=But2 Pin=J3-3
Removed Pin From Net: NetName=But1/Gerkon Pin=J3-4
Removed Pin From Net: NetName=But3 Pin=J3-5
Removed Pin From Net: NetName=+5 Pin=J3-10
Change Component Footprint: Designator=J3 Old Footprint=CON: IDC-10MS - 1_7mm New Footprint=691133710010
Change Component Comment : Designator=J3 Old Comment=10 Pin New Comment=691133710010
Change component parameters: Designator = "J3" ("J3"); Footprint = "CON: IDC-10MS - 1_7mm"; UniqueID = "\URAYSKFS" ("\URAYSKFS")
Change component parameters (AddParameter): Name = "Application"; Value = "Pressure Clamp"; VariantName = "[No Variations]"
Change component parameters (AddParameter): Name = "ComponentLink1Description"; Value = "Manufacturer"; VariantName = "[No Variations]"
Change component parameters (AddParameter): Name = "ComponentLink1URL"; Value = "http://www.we-online.de"; VariantName = "[No Variations]"
Change component parameters (AddParameter): Name = "ComponentLink2Description"; Value = "Datasheet"; VariantName = "[No Variations]"
Change component parameters (AddParameter): Name = "ComponentLink2URL"; Value = "https://katalog.we-online.de/em/datasheet/691133710010.pdf"; VariantName = "[No Variations]"
Change component parameters (AddParameter): Name = "Manufacturer"; Value = "Wurth Elektronik"; VariantName = "[No Variations]"
Change component parameters (AddParameter): Name = "Manufacturer Part Number"; Value = "691133710010"; VariantName = "[No Variations]"
Change component parameters (AddParameter): Name = "Modularity"; Value = "No"; VariantName = "[No Variations]"
Change component parameters (AddParameter): Name = "Mounting Technology"; Value = "THT"; VariantName = "[No Variations]"
Change component parameters (AddParameter): Name = "Operating Temperature"; Value = "-30 to +120degC"; VariantName = "[No Variations]"
Change component parameters (AddParameter): Name = "Packaging"; Value = "Box"; VariantName = "[No Variations]"
Change component parameters (AddParameter): Name = "PCB/Cable/Panel"; Value = "PCB"; VariantName = "[No Variations]"
Change component parameters (AddParameter): Name = "Pin Number"; Value = "10"; VariantName = "[No Variations]"
Change component parameters (AddParameter): Name = "Pitch"; Value = "5mm"; VariantName = "[No Variations]"
Change component parameters (AddParameter): Name = "Published Date"; Value = "Feburary 2021"; VariantName = "[No Variations]"
Change component parameters (AddParameter): Name = "Rated Current [UL]"; Value = "18A"; VariantName = "[No Variations]"
Change component parameters (AddParameter): Name = "Type"; Value = "Horizontal"; VariantName = "[No Variations]"
Change component parameters (AddParameter): Name = "Working Voltage [UL]"; Value = "300VAC"; VariantName = "[No Variations]"
Added Pin To Net: NetName=+5 Pin=J3-1
Added Pin To Net: NetName=But3 Pin=J3-6
Added Pin To Net: NetName=But1/Gerkon Pin=J3-7
Added Pin To Net: NetName=But2 Pin=J3-8
Added Pin To Net: NetName=But4 Pin=J3-9
Added Pin To Net: NetName=GND Pin=J3-10
Added Pin To Net: NetName=NetJ3_2 Pin=J3-2
Added Pin To Net: NetName=NetJ3_2 Pin=R17-2
Added Net: Name=NetJ3_2
Added Pin To Net: NetName=NetJ3_3 Pin=J3-3
Added Pin To Net: NetName=NetJ3_3 Pin=LD2-1
Added Pin To Net: NetName=NetJ3_3 Pin=R16-2
Added Net: Name=NetJ3_3
Added Pin To Net: NetName=NetJ3_4 Pin=J3-4
Added Pin To Net: NetName=NetJ3_4 Pin=R15-2
Added Net: Name=NetJ3_4
Added Pin To Net: NetName=NetJ3_5 Pin=J3-5
Added Pin To Net: NetName=NetJ3_5 Pin=R14-2
Added Net: Name=NetJ3_5
