Change Physical Footprint: Designator=C1 Old Footprint=CAP 0805_2012 New Footprint=CAP 0805_2012
Change Physical Footprint: Designator=C2 Old Footprint=CAP POL 2917_7343 New Footprint=CAP POL 2917_7343
Change Physical Footprint: Designator=C3 Old Footprint=CAP 0805_2012 New Footprint=CAP 0805_2012
Change Physical Footprint: Designator=C4 Old Footprint=CAP 0603_1608 New Footprint=CAP 0603_1608
Change Physical Footprint: Designator=C5 Old Footprint=CAP 0603_1608 New Footprint=CAP 0603_1608
Change Physical Footprint: Designator=C6 Old Footprint=CAP POL 1206_3216 New Footprint=CAP POL 1206_3216
Change Physical Footprint: Designator=C7 Old Footprint=CAP 0805_2012 New Footprint=CAP 0805_2012
Change Physical Footprint: Designator=C8 Old Footprint=CAP 0805_2012 New Footprint=CAP 0805_2012
Change Physical Footprint: Designator=C9 Old Footprint=CAP 0805_2012 New Footprint=CAP 0805_2012
Change Physical Footprint: Designator=C10 Old Footprint=CAP 0805_2012 New Footprint=CAP 0805_2012
Change Physical Footprint: Designator=C11 Old Footprint=CAP POL 1206_3216 New Footprint=CAP POL 1206_3216
Change Physical Footprint: Designator=C12 Old Footprint=CAP POL 1206_3216 New Footprint=CAP POL 1206_3216
Change Physical Footprint: Designator=C13 Old Footprint=CAP POL 1206_3216 New Footprint=CAP POL 1206_3216
Change Physical Footprint: Designator=C14 Old Footprint=CAP 0603_1608 New Footprint=CAP 0603_1608
Change Physical Footprint: Designator=C15 Old Footprint=CAP 0603_1608 New Footprint=CAP 0603_1608
Change Physical Footprint: Designator=C16 Old Footprint=CAP 0603_1608 New Footprint=CAP 0603_1608
Change Physical Footprint: Designator=C17 Old Footprint=CAP 0603_1608 New Footprint=CAP 0603_1608
Change Physical Footprint: Designator=C18 Old Footprint=CAP 0603_1608 New Footprint=CAP 0603_1608
Change Physical Footprint: Designator=C19 Old Footprint=CAP POL 1206_3216 New Footprint=CAP POL 1206_3216
Change Physical Footprint: Designator=C20 Old Footprint=CAP POL 1206_3216 New Footprint=CAP POL 1206_3216
Change Physical Footprint: Designator=C21 Old Footprint=CAP 0603_1608 New Footprint=CAP 0603_1608
Change Physical Footprint: Designator=C22 Old Footprint=CAP POL 1206_3216 New Footprint=CAP POL 1206_3216
Change Physical Footprint: Designator=D1 Old Footprint=DO214AA SMB New Footprint=DO214AA SMB
Change Physical Footprint: Designator=J1 Old Footprint=CON: IDC-10MS - 1_7mm New Footprint=CON: IDC-10MS - 1_7mm
Change Physical Footprint: Designator=J2 Old Footprint=CON: IDC-10MS - 1_7mm New Footprint=CON: IDC-10MS - 1_7mm
Change Physical Footprint: Designator=J3 Old Footprint=CON: IDC-10MS - 1_7mm New Footprint=CON: IDC-10MS - 1_7mm
Change Physical Footprint: Designator=LD2 Old Footprint=LED 0603_1608 GREEN New Footprint=LED 0603_1608 GREEN
Change Physical Footprint: Designator=R14 Old Footprint=RES 0805_2012 New Footprint=RES 0805_2012
Change Physical Footprint: Designator=R15 Old Footprint=RES 0805_2012 New Footprint=RES 0805_2012
Change Physical Footprint: Designator=R16 Old Footprint=RES 0805_2012 New Footprint=RES 0805_2012
Change Physical Footprint: Designator=SB1 Old Footprint=SJ_2 New Footprint=SJ_2
Change Physical Footprint: Designator=SB2 Old Footprint=SJ_2 New Footprint=SJ_2
Change Physical Footprint: Designator=U1 Old Footprint=STMicroelectronics_LQFP32-5V_0 New Footprint=STMicroelectronics_LQFP32-5V_0
Change Physical Footprint: Designator=Y1 Old Footprint=Abracon_ABL-16.000MHZ-B2_0 New Footprint=Abracon_ABL-16.000MHZ-B2_0
