Removed Pin From Net: NetName=GND Pin=U3-1
Removed Pin From Net: NetName=But4_ Pin=U3-2
Removed Pin From Net: NetName=But1/Gerkon_ Pin=U3-3
Removed Pin From Net: NetName=But2_ Pin=U3-4
Removed Pin From Net: NetName=But3_ Pin=U3-5
Removed Pin From Net: NetName=Led1 Pin=U3-6
Removed Pin From Net: NetName=Led2 Pin=U3-7
Removed Pin From Net: NetName=Led4 Pin=U3-8
Removed Pin From Net: NetName=Led3 Pin=U3-9
Removed Pin From Net: NetName=GND Pin=U3-10
Removed Pin From Net: NetName=led3_ Pin=U3-11
Removed Pin From Net: NetName=Led4_ Pin=U3-12
Removed Pin From Net: NetName=Led2_ Pin=U3-13
Removed Pin From Net: NetName=Led1_ Pin=U3-14
Removed Pin From Net: NetName=But3 Pin=U3-15
Removed Pin From Net: NetName=But2 Pin=U3-16
Removed Pin From Net: NetName=But1/Gerkon Pin=U3-17
Removed Pin From Net: NetName=But4 Pin=U3-18
Removed Pin From Net: NetName=GND Pin=U3-19
Removed Pin From Net: NetName=+5 Pin=U3-20
Change Component Designator: OldDesignator=U3 NewDesignator=IC?
Added Component: Designator=U3(SOP65P640X120-20N)
Add component (AddParameter): Name = "Arrow Part Number"; Value = "74AC245MTC"; VariantName = "[No Variations]"
Add component (AddParameter): Name = "Arrow Price/Stock"; Value = "https://www.arrow.com/en/products/74ac245mtc/on-semiconductor"; VariantName = "[No Variations]"
Add component (AddParameter): Name = "Datasheet Link"; Value = "http://uk.rs-online.com/web/p/products/8021143"; VariantName = "[No Variations]"
Add component (AddParameter): Name = "Height"; Value = "1.2mm"; VariantName = "[No Variations]"
Add component (AddParameter): Name = "Manufacturer_Name"; Value = "onsemi"; VariantName = "[No Variations]"
Add component (AddParameter): Name = "Manufacturer_Part_Number"; Value = "74AC245MTC"; VariantName = "[No Variations]"
Add component (AddParameter): Name = "Mouser Part Number"; Value = "512-74AC245MTC"; VariantName = "[No Variations]"
Add component (AddParameter): Name = "Mouser Price/Stock"; Value = "https://www.mouser.com/Search/Refine.aspx?Keyword=512-74AC245MTC"; VariantName = "[No Variations]"
Add component (AddParameter): Name = "Mouser Testing Part Number"; Value = ""; VariantName = "[No Variations]"
Add component (AddParameter): Name = "Mouser Testing Price/Stock"; Value = ""; VariantName = "[No Variations]"
Added Pin To Net: NetName=GND Pin=U3-1
Added Pin To Net: NetName=But4_ Pin=U3-2
Added Pin To Net: NetName=But1/Gerkon_ Pin=U3-3
Added Pin To Net: NetName=But2_ Pin=U3-4
Added Pin To Net: NetName=But3_ Pin=U3-5
Added Pin To Net: NetName=Led1 Pin=U3-6
Added Pin To Net: NetName=Led2 Pin=U3-7
Added Pin To Net: NetName=Led4 Pin=U3-8
Added Pin To Net: NetName=Led3 Pin=U3-9
Added Pin To Net: NetName=GND Pin=U3-10
Added Pin To Net: NetName=led3_ Pin=U3-11
Added Pin To Net: NetName=Led4_ Pin=U3-12
Added Pin To Net: NetName=Led2_ Pin=U3-13
Added Pin To Net: NetName=Led1_ Pin=U3-14
Added Pin To Net: NetName=But3 Pin=U3-15
Added Pin To Net: NetName=But2 Pin=U3-16
Added Pin To Net: NetName=But1/Gerkon Pin=U3-17
Added Pin To Net: NetName=But4 Pin=U3-18
Added Pin To Net: NetName=GND Pin=U3-19
Added Pin To Net: NetName=+5 Pin=U3-20
Added Member To Class: ClassName=Sheet2 Member=Component U3 74AC245MTC
