Removed Pin From Net: NetName=+5 Pin=J3-1
Removed Pin From Net: NetName=But2 Pin=J3-6
Removed Pin From Net: NetName=But3 Pin=J3-7
Removed Pin From Net: NetName=But4 Pin=J3-8
Removed Pin From Net: NetName=But1/Gerkon Pin=J3-9
Removed Pin From Net: NetName=GND Pin=J3-10
Added Pin To Net: NetName=GND Pin=J3-1
Added Pin To Net: NetName=But1/Gerkon Pin=J3-2
Added Pin To Net: NetName=But4 Pin=J3-3
Added Pin To Net: NetName=But3 Pin=J3-4
Added Pin To Net: NetName=But2 Pin=J3-5
Added Pin To Net: NetName=+5 Pin=J3-10
Added Pin To Net: NetName=NetJ3_6 Pin=J3-6
Added Pin To Net: NetName=NetJ3_6 Pin=LD2-1
Added Pin To Net: NetName=NetJ3_6 Pin=R16-2
Added Net: Name=NetJ3_6
Added Pin To Net: NetName=NetJ3_7 Pin=J3-7
Added Pin To Net: NetName=NetJ3_7 Pin=R15-2
Added Net: Name=NetJ3_7
Added Pin To Net: NetName=NetJ3_8 Pin=J3-8
Added Pin To Net: NetName=NetJ3_8 Pin=R14-2
Added Net: Name=NetJ3_8
Added Pin To Net: NetName=NetJ3_9 Pin=J3-9
Added Pin To Net: NetName=NetJ3_9 Pin=R13-2
Added Net: Name=NetJ3_9
Added Member To Class: ClassName=Sheet2 Member=Component C1 1µF
Added Member To Class: ClassName=Sheet2 Member=Component C4 20pF
Added Member To Class: ClassName=Sheet2 Member=Component C6 1 µF
Added Member To Class: ClassName=Sheet2 Member=Component C8 0.1 µF
Added Member To Class: ClassName=Sheet2 Member=Component C10 0.1 µF
Added Member To Class: ClassName=Sheet2 Member=Component C12 0.47µF
Added Member To Class: ClassName=Sheet2 Member=Component C13 0.47µF
Added Member To Class: ClassName=Sheet2 Member=Component OC5 LTV-357T-C
Added Member To Class: ClassName=Sheet2 Member=Component R5 220 Ohms
Added Member To Class: ClassName=Sheet2 Member=Component R6 220 Ohms
Added Member To Class: ClassName=Sheet2 Member=Component R9 2.2 kOhms
Added Member To Class: ClassName=Sheet2 Member=Component R12 220 Ohms
Added Member To Class: ClassName=Sheet2 Member=Component R13 270 Ohms
Added Member To Class: ClassName=Sheet2 Member=Component R16 270 Ohms
